This error related to function load_reshape_scale_all_resized_images of file Predict Me 
fname must be a PathLike or file handle
###################################################################################################
This error related to function load_reshape_scale_all_resized_images of file Predict Me 
fname must be a PathLike or file handle
###################################################################################################
This error related to function load_reshape_scale_all_resized_images of file Predict Me 
fname must be a PathLike or file handle
###################################################################################################
This error related to function load_reshape_scale_all_resized_images of file Predict Me 
fname must be a PathLike or file handle
###################################################################################################
This error related to function load_reshape_scale_all_resized_images of file Predict Me 
fname must be a PathLike or file handle
###################################################################################################
This error related to function load_reshape_scale_all_resized_images of file Predict Me 
fname must be a PathLike or file handle
###################################################################################################
This error related to function load_reshape_scale_all_resized_images of file Predict Me 
fname must be a PathLike or file handle
###################################################################################################
This error related to function load_reshape_scale_all_resized_images of file Predict Me 
fname must be a PathLike or file handle
###################################################################################################
This error related to function load_reshape_scale_all_resized_images of file Predict Me 
fname must be a PathLike or file handle
###################################################################################################
This error related to function load_reshape_scale_all_resized_images of file Predict Me 
fname must be a PathLike or file handle
###################################################################################################
This error related to function load_reshape_scale_all_resized_images of file Predict Me 
fname must be a PathLike or file handle
###################################################################################################
This error related to function load_reshape_scale_all_resized_images of file Predict Me 
fname must be a PathLike or file handle
###################################################################################################
This error related to function load_reshape_scale_all_resized_images of file Predict Me 
fname must be a PathLike or file handle
###################################################################################################
This error related to function load_reshape_scale_all_resized_images of file Predict Me 
fname must be a PathLike or file handle
###################################################################################################
This error related to function load_reshape_scale_all_resized_images of file Predict Me 
fname must be a PathLike or file handle
###################################################################################################
This error related to function load_reshape_scale_all_resized_images of file Predict Me 
fname must be a PathLike or file handle
###################################################################################################
This error related to function load_reshape_scale_all_resized_images of file Predict Me 
fname must be a PathLike or file handle
###################################################################################################
This error related to function load_reshape_scale_all_resized_images of file Predict Me 
fname must be a PathLike or file handle
###################################################################################################
This error related to function load_reshape_scale_all_resized_images of file Predict Me 
fname must be a PathLike or file handle
###################################################################################################
This error related to function load_reshape_scale_all_resized_images of file Predict Me 
fname must be a PathLike or file handle
###################################################################################################
This error related to function load_reshape_scale_all_resized_images of file Predict Me 
fname must be a PathLike or file handle
###################################################################################################
This error related to function load_reshape_scale_all_resized_images of file Predict Me 
fname must be a PathLike or file handle
###################################################################################################
This error related to function load_reshape_scale_all_resized_images of file Predict Me 
fname must be a PathLike or file handle
###################################################################################################
This error related to function load_reshape_scale_all_resized_images of file Predict Me 
fname must be a PathLike or file handle
###################################################################################################
This error related to function load_reshape_scale_all_resized_images of file Predict Me 
fname must be a PathLike or file handle
###################################################################################################
This error related to function load_reshape_scale_all_resized_images of file Predict Me 
fname must be a PathLike or file handle
###################################################################################################
This error related to function load_reshape_scale_all_resized_images of file Predict Me 
Required argument 'dtype' (pos 1) not found
###################################################################################################
This error related to function load_reshape_scale_all_resized_images of file Predict Me 
Required argument 'dtype' (pos 1) not found
###################################################################################################
This error related to function load_reshape_scale_all_resized_images of file Predict Me 
could not broadcast input array from shape (30000,1) into shape (30000)
###################################################################################################
This error related to function load_reshape_scale_all_resized_images of file Predict Me 
could not broadcast input array from shape (30000,1) into shape (30000)
###################################################################################################
This error related to function load_reshape_scale_all_resized_images of file Predict Me 
could not broadcast input array from shape (30000,1) into shape (30000)
###################################################################################################
This error related to function load_reshape_scale_all_resized_images of file Predict Me 
could not broadcast input array from shape (30000,1) into shape (30000)
###################################################################################################
This error related to function load_reshape_scale_all_resized_images of file Predict Me 
could not broadcast input array from shape (30000,1) into shape (30000)
###################################################################################################
This error related to function load_reshape_scale_all_resized_images of file Predict Me 
could not broadcast input array from shape (30000,1) into shape (30000)
###################################################################################################
This error related to function load_reshape_scale_all_resized_images of file Predict Me 
could not broadcast input array from shape (30000,1) into shape (30000)
###################################################################################################
This error related to function load_reshape_scale_all_resized_images of file Predict Me 
could not broadcast input array from shape (30000,1) into shape (30000)
###################################################################################################
This error related to function load_reshape_scale_all_resized_images of file Predict Me 
could not broadcast input array from shape (30000,1) into shape (351)
###################################################################################################
This error related to function load_reshape_scale_all_resized_images of file Predict Me 
could not broadcast input array from shape (30000,1) into shape (272)
###################################################################################################
